[LOG] System::create                           : Header version = 2.02.28. Current version = 2.02.28.
[LOG] Manager::init                            : maxchannels = 256 studioflags = 00000006 flags 00000000 extradriverdata 0000000000000000.
[LOG] SystemI::init                            : Initialize version=20228 (150745), maxchannels=256, flags=0x00020000
[LOG] SystemI::setOutputInternal               : Setting output to 'FMOD WASAPI Output'
[LOG] OutputWASAPI::init                       : Mix Format (WAVEFORMATEX): wFormatTag=0xFFFE, nChannels=8, nSamplesPerSec=48000, nAvgBytesPerSec=1536000, nBlockAlign=32, wBitsPerSample=32, cbSize=22.
[LOG] OutputWASAPI::init                       : Mix Format (WAVEFORMATEXTENSIBLE): wValidBitsPerSample=32, dwChannelMask=0x0000063F, SubFormat=00000003-0000-0010-8000-00AA00389B71.
[LOG] OutputWASAPI::init                       : Output buffer size: 4096 samples, latency: 0.00ms, period: 10.00ms, DSP buffer: 1024 * 4
[LOG] DownMix::init                            : dspbuffersize: 1024  rate: 48000. output speaker mode: 7, input speaker mode 6
[LOG] DownMix::init                            : done.
[LOG] Thread::initThread                       : Init FMOD stream thread. Affinity: 0x4000000000000003, Priority: 0xFFFF7FFB, Stack Size: 98304, Semaphore: No, Sleep Time: 10, Looping: Yes.
[LOG] Thread::initThread                       : Init FMOD mixer thread. Affinity: 0x4000000000000001, Priority: 0xFFFF7FFA, Stack Size: 81920, Semaphore: No, Sleep Time: 0, Looping: Yes.
[LOG] AsyncManager::init                       : manager 000001D5346F5F58 isAsync 0 updatePeriod 0.02
[LOG] AsyncManager::init                       : done
[LOG] PlaybackSystem::init                     : 
[LOG] Thread::initThread                       : Init FMOD Studio sample load thread. Affinity: 0x4000000000000003, Priority: 0xFFFF7FFD, Stack Size: 98304, Semaphore: No, Sleep Time: 1, Looping: No.
[LOG] PlaybackSystem::init                     : done
[LOG] Thread::initThread                       : Init FMOD Studio bank load thread. Affinity: 0x4000000000000003, Priority: 0xFFFF7FFD, Stack Size: 98304, Semaphore: No, Sleep Time: 1, Looping: No.
[LOG] Manager::init                            : done.
[LOG] Manager::readBank                        : fileversion = 142, compatVersion = 140 (oldest = 44, newest = 142)
[LOG] Manager::readBank                        : fileversion = 142, compatVersion = 140 (oldest = 44, newest = 142)
[LOG] Manager::readBank                        : fileversion = 142, compatVersion = 140 (oldest = 44, newest = 142)
[LOG] PlaybackSystem::acquireMasterBus         : Setting master channel group format to 6
[LOG] Manager::readBank                        : fileversion = 142, compatVersion = 140 (oldest = 44, newest = 142)
[LOG] Manager::readBank                        : fileversion = 142, compatVersion = 140 (oldest = 44, newest = 142)
[LOG] SystemI::createSound                     : filename = FMODproject/Build/Desktop/Music.bank : mode 02010082
[LOG] SystemI::createSound                     : FMOD_NONBLOCKING specified.  Putting into queue to be opened asynchronously!
[LOG] Thread::initThread                       : Init FMOD nonblocking thread (0). Affinity: 0x4000000000000003, Priority: 0xFFFF7FFC, Stack Size: 114688, Semaphore: Yes, Sleep Time: 0, Looping: Yes.
[LOG] AsyncThread::add                         : add sound to async queue : soundi = 000001D6313DD5B8, queue head = 000001D69BA44FB8, queue count = 0
[LOG] AsyncThread::threadFunc                  : Starting Asynchronous operation on sound 000001D6313DD5B8
[LOG] SystemI::createSoundInternal             :     Create name='FMODproject/Build/Desktop/Music.bank', mode=0x02010082
[LOG] SystemI::createSoundInternal             :     exinfo->cbsize             = 224
[LOG] SystemI::createSoundInternal             :     exinfo->length             = 1619968
[LOG] SystemI::createSoundInternal             :     exinfo->fileoffset         = 1632
[LOG] SystemI::createSoundInternal             :     exinfo->numsubsounds       = 1
[LOG] SystemI::createSoundInternal             :     exinfo->inclusionlist      = 000001D644B81F10
[LOG] SystemI::createSoundInternal             :     exinfo->inclusionlistnum   = 1
[LOG] SystemI::createSoundInternal             :     exinfo->suggestedsoundtype = 5
[LOG] SystemI::createSoundInternal             :     exinfo->initialseekpostype = 1
[LOG] SystemI::createSoundInternal             :     Stream 0/1: name='Track1_Original_ 674944__seth_makes_sounds__hype-background-track_FadeInOut', format=5, channels=2, frequency=48000, lengthbytes=1618880, lengthpcm=5415552, pcmblocksize=0, loopstart=0, loopend=0, mode=0x00000000, channelmask=0x00000000, channelorder=0, peakvolume=0.981812.
[LOG] Thread::initThread                       :     Init FMOD file thread. Affinity: 0x4000000000000003, Priority: 0xFFFF7FFC, Stack Size: 65536, Semaphore: No, Sleep Time: 10, Looping: Yes.
[LOG] AsyncThread::threadFunc                  : Finished Asynchronous operation on sound 000001D6313DD5B8
[LOG] SystemI::createSoundInternal             : Create name='', mode=0x02000202
[LOG] SystemI::createSoundInternal             : exinfo->cbsize             = 224
[LOG] SystemI::createSoundInternal             : exinfo->length             = 458048
[LOG] SystemI::createSoundInternal             : exinfo->fileoffset         = 31872
[LOG] SystemI::createSoundInternal             : exinfo->numsubsounds       = 1
[LOG] SystemI::createSoundInternal             : exinfo->inclusionlist      = 0000009E6AEFED58
[LOG] SystemI::createSoundInternal             : exinfo->inclusionlistnum   = 1
[LOG] SystemI::createSoundInternal             : exinfo->suggestedsoundtype = 5
[LOG] SystemI::createSoundInternal             : exinfo->useropen           = 00007FF8C4CA5B90
[LOG] SystemI::createSoundInternal             : exinfo->userclose          = 00007FF8C4CA5B50
[LOG] SystemI::createSoundInternal             : exinfo->userread           = 00007FF8C4CA5C70
[LOG] SystemI::createSoundInternal             : exinfo->userseek           = 00007FF8C4CA5D30
[LOG] SystemI::createSoundInternal             : exinfo->fileuserdata       = 000001D6EB930D98
[LOG] SystemI::createSoundInternal             : exinfo->initialseekpostype = 1
[LOG] SystemI::DSPCodecPoolRegister            : register codec pool for pool type 5
[LOG] SystemI::createSoundInternal             : Sample 0/1: name='Button_Hover', format=5, channels=2, frequency=48000, lengthbytes=4384, lengthpcm=27428, pcmblocksize=0, loopstart=0, loopend=0, mode=0x00000000, channelmask=0x00000000, channelorder=0, peakvolume=0.136566.
[LOG] SystemI::createSoundInternal             : Create name='', mode=0x02000202
[LOG] SystemI::createSoundInternal             : exinfo->cbsize             = 224
[LOG] SystemI::createSoundInternal             : exinfo->length             = 458048
[LOG] SystemI::createSoundInternal             : exinfo->fileoffset         = 31872
[LOG] SystemI::createSoundInternal             : exinfo->numsubsounds       = 1
[LOG] SystemI::createSoundInternal             : exinfo->inclusionlist      = 0000009E6AEFED58
[LOG] SystemI::createSoundInternal             : exinfo->inclusionlistnum   = 1
[LOG] SystemI::createSoundInternal             : exinfo->suggestedsoundtype = 5
[LOG] SystemI::createSoundInternal             : exinfo->useropen           = 00007FF8C4CA5B90
[LOG] SystemI::createSoundInternal             : exinfo->userclose          = 00007FF8C4CA5B50
[LOG] SystemI::createSoundInternal             : exinfo->userread           = 00007FF8C4CA5C70
[LOG] SystemI::createSoundInternal             : exinfo->userseek           = 00007FF8C4CA5D30
[LOG] SystemI::createSoundInternal             : exinfo->fileuserdata       = 000001D534EF5B68
[LOG] SystemI::createSoundInternal             : exinfo->initialseekpostype = 1
[LOG] SystemI::DSPCodecPoolRegister            : register codec pool for pool type 5
[LOG] SystemI::createSoundInternal             : Sample 0/1: name='Button_Click', format=5, channels=1, frequency=48000, lengthbytes=2240, lengthpcm=10368, pcmblocksize=0, loopstart=0, loopend=0, mode=0x00000000, channelmask=0x00000000, channelorder=0, peakvolume=0.551300.
[LOG] SoundI::release                          : Track1_Original_ 674944__seth_makes_sounds__hype-background-track_FadeInOut (000001D6313DD5B8)
[LOG] SoundI::release                          :     Track1_Original_ 674944__seth_makes_sounds__hype-background-track_FadeInOut (000001D524ED3B68)
[LOG] SoundI::release                          :     Track1_Original_ 674944__seth_makes_sounds__hype-background-track_FadeInOut (000001D6C46DA8B8)
[LOG] SystemI::createSoundInternal             : Create name='', mode=0x02000202
[LOG] SystemI::createSoundInternal             : exinfo->cbsize             = 224
[LOG] SystemI::createSoundInternal             : exinfo->length             = 458048
[LOG] SystemI::createSoundInternal             : exinfo->fileoffset         = 31872
[LOG] SystemI::createSoundInternal             : exinfo->numsubsounds       = 1
[LOG] SystemI::createSoundInternal             : exinfo->inclusionlist      = 0000009E6AEFED58
[LOG] SystemI::createSoundInternal             : exinfo->inclusionlistnum   = 1
[LOG] SystemI::createSoundInternal             : exinfo->suggestedsoundtype = 5
[LOG] SystemI::createSoundInternal             : exinfo->useropen           = 00007FF8C4CA5B90
[LOG] SystemI::createSoundInternal             : exinfo->userclose          = 00007FF8C4CA5B50
[LOG] SystemI::createSoundInternal             : exinfo->userread           = 00007FF8C4CA5C70
[LOG] SystemI::createSoundInternal             : exinfo->userseek           = 00007FF8C4CA5D30
[LOG] SystemI::createSoundInternal             : exinfo->fileuserdata       = 000001D5E9DF8188
[LOG] SystemI::createSoundInternal             : exinfo->initialseekpostype = 1
[LOG] SystemI::DSPCodecPoolRegister            : register codec pool for pool type 5
[LOG] SystemI::createSoundInternal             : Sample 0/1: name='growling-beast-103211', format=5, channels=2, frequency=48000, lengthbytes=21536, lengthpcm=96296, pcmblocksize=0, loopstart=0, loopend=0, mode=0x00000000, channelmask=0x00000000, channelorder=0, peakvolume=0.419708.
[LOG] SystemI::createSoundInternal             : Create name='', mode=0x02000202
[LOG] SystemI::createSoundInternal             : exinfo->cbsize             = 224
[LOG] SystemI::createSoundInternal             : exinfo->length             = 458048
[LOG] SystemI::createSoundInternal             : exinfo->fileoffset         = 31872
[LOG] SystemI::createSoundInternal             : exinfo->numsubsounds       = 1
[LOG] SystemI::createSoundInternal             : exinfo->inclusionlist      = 0000009E6AEFED58
[LOG] SystemI::createSoundInternal             : exinfo->inclusionlistnum   = 1
[LOG] SystemI::createSoundInternal             : exinfo->suggestedsoundtype = 5
[LOG] SystemI::createSoundInternal             : exinfo->useropen           = 00007FF8C4CA5B90
[LOG] SystemI::createSoundInternal             : exinfo->userclose          = 00007FF8C4CA5B50
[LOG] SystemI::createSoundInternal             : exinfo->userread           = 00007FF8C4CA5C70
[LOG] SystemI::createSoundInternal             : exinfo->userseek           = 00007FF8C4CA5D30
[LOG] SystemI::createSoundInternal             : exinfo->fileuserdata       = 000001D5E9DF6EF8
[LOG] SystemI::createSoundInternal             : exinfo->initialseekpostype = 1
[LOG] SystemI::DSPCodecPoolRegister            : register codec pool for pool type 5
[LOG] SystemI::createSoundInternal             : Sample 0/1: name='ViscousAttack2', format=5, channels=2, frequency=48000, lengthbytes=23264, lengthpcm=100224, pcmblocksize=0, loopstart=0, loopend=0, mode=0x00000000, channelmask=0x00000000, channelorder=0, peakvolume=0.999969.
[LOG] SystemI::createSoundInternal             : Create name='', mode=0x02000202
[LOG] SystemI::createSoundInternal             : exinfo->cbsize             = 224
[LOG] SystemI::createSoundInternal             : exinfo->length             = 458048
[LOG] SystemI::createSoundInternal             : exinfo->fileoffset         = 31872
[LOG] SystemI::createSoundInternal             : exinfo->numsubsounds       = 1
[LOG] SystemI::createSoundInternal             : exinfo->inclusionlist      = 0000009E6AEFED58
[LOG] SystemI::createSoundInternal             : exinfo->inclusionlistnum   = 1
[LOG] SystemI::createSoundInternal             : exinfo->suggestedsoundtype = 5
[LOG] SystemI::createSoundInternal             : exinfo->useropen           = 00007FF8C4CA5B90
[LOG] SystemI::createSoundInternal             : exinfo->userclose          = 00007FF8C4CA5B50
[LOG] SystemI::createSoundInternal             : exinfo->userread           = 00007FF8C4CA5C70
[LOG] SystemI::createSoundInternal             : exinfo->userseek           = 00007FF8C4CA5D30
[LOG] SystemI::createSoundInternal             : exinfo->fileuserdata       = 000001D5E9DF6EF8
[LOG] SystemI::createSoundInternal             : exinfo->initialseekpostype = 1
[LOG] SystemI::DSPCodecPoolRegister            : register codec pool for pool type 5
[LOG] SystemI::createSoundInternal             : Sample 0/1: name='slash-21834', format=5, channels=2, frequency=48000, lengthbytes=4000, lengthpcm=18808, pcmblocksize=0, loopstart=0, loopend=0, mode=0x00000000, channelmask=0x00000000, channelorder=0, peakvolume=0.787933.
[LOG] SystemI::createSoundInternal             : Create name='', mode=0x02000202
[LOG] SystemI::createSoundInternal             : exinfo->cbsize             = 224
[LOG] SystemI::createSoundInternal             : exinfo->length             = 458048
[LOG] SystemI::createSoundInternal             : exinfo->fileoffset         = 31872
[LOG] SystemI::createSoundInternal             : exinfo->numsubsounds       = 1
[LOG] SystemI::createSoundInternal             : exinfo->inclusionlist      = 0000009E6AEFED58
[LOG] SystemI::createSoundInternal             : exinfo->inclusionlistnum   = 1
[LOG] SystemI::createSoundInternal             : exinfo->suggestedsoundtype = 5
[LOG] SystemI::createSoundInternal             : exinfo->useropen           = 00007FF8C4CA5B90
[LOG] SystemI::createSoundInternal             : exinfo->userclose          = 00007FF8C4CA5B50
[LOG] SystemI::createSoundInternal             : exinfo->userread           = 00007FF8C4CA5C70
[LOG] SystemI::createSoundInternal             : exinfo->userseek           = 00007FF8C4CA5D30
[LOG] SystemI::createSoundInternal             : exinfo->fileuserdata       = 000001D6EB9529F8
[LOG] SystemI::createSoundInternal             : exinfo->initialseekpostype = 1
[LOG] SystemI::DSPCodecPoolRegister            : register codec pool for pool type 5
[LOG] SystemI::createSoundInternal             : Sample 0/1: name='DirtFootstep2', format=5, channels=1, frequency=48000, lengthbytes=3584, lengthpcm=18750, pcmblocksize=0, loopstart=0, loopend=0, mode=0x00000000, channelmask=0x00000000, channelorder=0, peakvolume=0.200531.
[LOG] SystemI::createSoundInternal             : Create name='', mode=0x02000202
[LOG] SystemI::createSoundInternal             : exinfo->cbsize             = 224
[LOG] SystemI::createSoundInternal             : exinfo->length             = 458048
[LOG] SystemI::createSoundInternal             : exinfo->fileoffset         = 31872
[LOG] SystemI::createSoundInternal             : exinfo->numsubsounds       = 1
[LOG] SystemI::createSoundInternal             : exinfo->inclusionlist      = 0000009E6AEFED58
[LOG] SystemI::createSoundInternal             : exinfo->inclusionlistnum   = 1
[LOG] SystemI::createSoundInternal             : exinfo->suggestedsoundtype = 5
[LOG] SystemI::createSoundInternal             : exinfo->useropen           = 00007FF8C4CA5B90
[LOG] SystemI::createSoundInternal             : exinfo->userclose          = 00007FF8C4CA5B50
[LOG] SystemI::createSoundInternal             : exinfo->userread           = 00007FF8C4CA5C70
[LOG] SystemI::createSoundInternal             : exinfo->userseek           = 00007FF8C4CA5D30
[LOG] SystemI::createSoundInternal             : exinfo->fileuserdata       = 000001D6EB9529F8
[LOG] SystemI::createSoundInternal             : exinfo->initialseekpostype = 1
[LOG] SystemI::DSPCodecPoolRegister            : register codec pool for pool type 5
[LOG] SystemI::createSoundInternal             : Sample 0/1: name='sand-walk-4', format=5, channels=2, frequency=48000, lengthbytes=5152, lengthpcm=21750, pcmblocksize=0, loopstart=0, loopend=0, mode=0x00000000, channelmask=0x00000000, channelorder=0, peakvolume=0.092285.
[LOG] SystemI::createSoundInternal             : Create name='', mode=0x02000202
[LOG] SystemI::createSoundInternal             : exinfo->cbsize             = 224
[LOG] SystemI::createSoundInternal             : exinfo->length             = 458048
[LOG] SystemI::createSoundInternal             : exinfo->fileoffset         = 31872
[LOG] SystemI::createSoundInternal             : exinfo->numsubsounds       = 1
[LOG] SystemI::createSoundInternal             : exinfo->inclusionlist      = 0000009E6AEFED58
[LOG] SystemI::createSoundInternal             : exinfo->inclusionlistnum   = 1
[LOG] SystemI::createSoundInternal             : exinfo->suggestedsoundtype = 5
[LOG] SystemI::createSoundInternal             : exinfo->useropen           = 00007FF8C4CA5B90
[LOG] SystemI::createSoundInternal             : exinfo->userclose          = 00007FF8C4CA5B50
[LOG] SystemI::createSoundInternal             : exinfo->userread           = 00007FF8C4CA5C70
[LOG] SystemI::createSoundInternal             : exinfo->userseek           = 00007FF8C4CA5D30
[LOG] SystemI::createSoundInternal             : exinfo->fileuserdata       = 000001D6EB9529F8
[LOG] SystemI::createSoundInternal             : exinfo->initialseekpostype = 1
[LOG] SystemI::DSPCodecPoolRegister            : register codec pool for pool type 5
[LOG] SystemI::createSoundInternal             : Sample 0/1: name='DirtFootstep3', format=5, channels=1, frequency=48000, lengthbytes=5792, lengthpcm=30000, pcmblocksize=0, loopstart=0, loopend=0, mode=0x00000000, channelmask=0x00000000, channelorder=0, peakvolume=0.337280.
[LOG] SystemI::createSoundInternal             : Create name='', mode=0x02000202
[LOG] SystemI::createSoundInternal             : exinfo->cbsize             = 224
[LOG] SystemI::createSoundInternal             : exinfo->length             = 458048
[LOG] SystemI::createSoundInternal             : exinfo->fileoffset         = 31872
[LOG] SystemI::createSoundInternal             : exinfo->numsubsounds       = 1
[LOG] SystemI::createSoundInternal             : exinfo->inclusionlist      = 0000009E6AEFED58
[LOG] SystemI::createSoundInternal             : exinfo->inclusionlistnum   = 1
[LOG] SystemI::createSoundInternal             : exinfo->suggestedsoundtype = 5
[LOG] SystemI::createSoundInternal             : exinfo->useropen           = 00007FF8C4CA5B90
[LOG] SystemI::createSoundInternal             : exinfo->userclose          = 00007FF8C4CA5B50
[LOG] SystemI::createSoundInternal             : exinfo->userread           = 00007FF8C4CA5C70
[LOG] SystemI::createSoundInternal             : exinfo->userseek           = 00007FF8C4CA5D30
[LOG] SystemI::createSoundInternal             : exinfo->fileuserdata       = 000001D6EB9529F8
[LOG] SystemI::createSoundInternal             : exinfo->initialseekpostype = 1
[LOG] SystemI::DSPCodecPoolRegister            : register codec pool for pool type 5
[LOG] SystemI::createSoundInternal             : Sample 0/1: name='footsteps-mud-3', format=5, channels=2, frequency=48000, lengthbytes=2880, lengthpcm=11250, pcmblocksize=0, loopstart=0, loopend=0, mode=0x00000000, channelmask=0x00000000, channelorder=0, peakvolume=0.223633.
[LOG] SystemI::createSoundInternal             : Create name='', mode=0x02000202
[LOG] SystemI::createSoundInternal             : exinfo->cbsize             = 224
[LOG] SystemI::createSoundInternal             : exinfo->length             = 458048
[LOG] SystemI::createSoundInternal             : exinfo->fileoffset         = 31872
[LOG] SystemI::createSoundInternal             : exinfo->numsubsounds       = 1
[LOG] SystemI::createSoundInternal             : exinfo->inclusionlist      = 0000009E6AEFED58
[LOG] SystemI::createSoundInternal             : exinfo->inclusionlistnum   = 1
[LOG] SystemI::createSoundInternal             : exinfo->suggestedsoundtype = 5
[LOG] SystemI::createSoundInternal             : exinfo->useropen           = 00007FF8C4CA5B90
[LOG] SystemI::createSoundInternal             : exinfo->userclose          = 00007FF8C4CA5B50
[LOG] SystemI::createSoundInternal             : exinfo->userread           = 00007FF8C4CA5C70
[LOG] SystemI::createSoundInternal             : exinfo->userseek           = 00007FF8C4CA5D30
[LOG] SystemI::createSoundInternal             : exinfo->fileuserdata       = 000001D6EB9529F8
[LOG] SystemI::createSoundInternal             : exinfo->initialseekpostype = 1
[LOG] SystemI::DSPCodecPoolRegister            : register codec pool for pool type 5
[LOG] SystemI::createSoundInternal             : Sample 0/1: name='footsteps-mud-7', format=5, channels=2, frequency=48000, lengthbytes=6016, lengthpcm=25500, pcmblocksize=0, loopstart=0, loopend=0, mode=0x00000000, channelmask=0x00000000, channelorder=0, peakvolume=0.120850.
[LOG] SystemI::createSoundInternal             : Create name='', mode=0x02000202
[LOG] SystemI::createSoundInternal             : exinfo->cbsize             = 224
[LOG] SystemI::createSoundInternal             : exinfo->length             = 458048
[LOG] SystemI::createSoundInternal             : exinfo->fileoffset         = 31872
[LOG] SystemI::createSoundInternal             : exinfo->numsubsounds       = 1
[LOG] SystemI::createSoundInternal             : exinfo->inclusionlist      = 0000009E6AEFED58
[LOG] SystemI::createSoundInternal             : exinfo->inclusionlistnum   = 1
[LOG] SystemI::createSoundInternal             : exinfo->suggestedsoundtype = 5
[LOG] SystemI::createSoundInternal             : exinfo->useropen           = 00007FF8C4CA5B90
[LOG] SystemI::createSoundInternal             : exinfo->userclose          = 00007FF8C4CA5B50
[LOG] SystemI::createSoundInternal             : exinfo->userread           = 00007FF8C4CA5C70
[LOG] SystemI::createSoundInternal             : exinfo->userseek           = 00007FF8C4CA5D30
[LOG] SystemI::createSoundInternal             : exinfo->fileuserdata       = 000001D6EB9529F8
[LOG] SystemI::createSoundInternal             : exinfo->initialseekpostype = 1
[LOG] SystemI::DSPCodecPoolRegister            : register codec pool for pool type 5
[LOG] SystemI::createSoundInternal             : Sample 0/1: name='DirtFootstep4', format=5, channels=1, frequency=48000, lengthbytes=3584, lengthpcm=17250, pcmblocksize=0, loopstart=0, loopend=0, mode=0x00000000, channelmask=0x00000000, channelorder=0, peakvolume=0.282654.
[LOG] SystemI::createSoundInternal             : Create name='', mode=0x02000202
[LOG] SystemI::createSoundInternal             : exinfo->cbsize             = 224
[LOG] SystemI::createSoundInternal             : exinfo->length             = 458048
[LOG] SystemI::createSoundInternal             : exinfo->fileoffset         = 31872
[LOG] SystemI::createSoundInternal             : exinfo->numsubsounds       = 1
[LOG] SystemI::createSoundInternal             : exinfo->inclusionlist      = 0000009E6AEFED58
[LOG] SystemI::createSoundInternal             : exinfo->inclusionlistnum   = 1
[LOG] SystemI::createSoundInternal             : exinfo->suggestedsoundtype = 5
[LOG] SystemI::createSoundInternal             : exinfo->useropen           = 00007FF8C4CA5B90
[LOG] SystemI::createSoundInternal             : exinfo->userclose          = 00007FF8C4CA5B50
[LOG] SystemI::createSoundInternal             : exinfo->userread           = 00007FF8C4CA5C70
[LOG] SystemI::createSoundInternal             : exinfo->userseek           = 00007FF8C4CA5D30
[LOG] SystemI::createSoundInternal             : exinfo->fileuserdata       = 000001D6EB9529F8
[LOG] SystemI::createSoundInternal             : exinfo->initialseekpostype = 1
[LOG] SystemI::DSPCodecPoolRegister            : register codec pool for pool type 5
[LOG] SystemI::createSoundInternal             : Sample 0/1: name='DirtFootStep1', format=5, channels=1, frequency=48000, lengthbytes=6688, lengthpcm=36000, pcmblocksize=0, loopstart=0, loopend=0, mode=0x00000000, channelmask=0x00000000, channelorder=0, peakvolume=0.168610.
[LOG] SystemI::createSoundInternal             : Create name='', mode=0x02000202
[LOG] SystemI::createSoundInternal             : exinfo->cbsize             = 224
[LOG] SystemI::createSoundInternal             : exinfo->length             = 458048
[LOG] SystemI::createSoundInternal             : exinfo->fileoffset         = 31872
[LOG] SystemI::createSoundInternal             : exinfo->numsubsounds       = 1
[LOG] SystemI::createSoundInternal             : exinfo->inclusionlist      = 0000009E6AEFED58
[LOG] SystemI::createSoundInternal             : exinfo->inclusionlistnum   = 1
[LOG] SystemI::createSoundInternal             : exinfo->suggestedsoundtype = 5
[LOG] SystemI::createSoundInternal             : exinfo->useropen           = 00007FF8C4CA5B90
[LOG] SystemI::createSoundInternal             : exinfo->userclose          = 00007FF8C4CA5B50
[LOG] SystemI::createSoundInternal             : exinfo->userread           = 00007FF8C4CA5C70
[LOG] SystemI::createSoundInternal             : exinfo->userseek           = 00007FF8C4CA5D30
[LOG] SystemI::createSoundInternal             : exinfo->fileuserdata       = 000001D6EB9529F8
[LOG] SystemI::createSoundInternal             : exinfo->initialseekpostype = 1
[LOG] SystemI::DSPCodecPoolRegister            : register codec pool for pool type 5
[LOG] SystemI::createSoundInternal             : Sample 0/1: name='DirtFoostep5', format=5, channels=1, frequency=48000, lengthbytes=2976, lengthpcm=15750, pcmblocksize=0, loopstart=0, loopend=0, mode=0x00000000, channelmask=0x00000000, channelorder=0, peakvolume=0.519470.
[LOG] SystemI::createSoundInternal             : Create name='', mode=0x02000202
[LOG] SystemI::createSoundInternal             : exinfo->cbsize             = 224
[LOG] SystemI::createSoundInternal             : exinfo->length             = 458048
[LOG] SystemI::createSoundInternal             : exinfo->fileoffset         = 31872
[LOG] SystemI::createSoundInternal             : exinfo->numsubsounds       = 1
[LOG] SystemI::createSoundInternal             : exinfo->inclusionlist      = 0000009E6AEFED58
[LOG] SystemI::createSoundInternal             : exinfo->inclusionlistnum   = 1
[LOG] SystemI::createSoundInternal             : exinfo->suggestedsoundtype = 5
[LOG] SystemI::createSoundInternal             : exinfo->useropen           = 00007FF8C4CA5B90
[LOG] SystemI::createSoundInternal             : exinfo->userclose          = 00007FF8C4CA5B50
[LOG] SystemI::createSoundInternal             : exinfo->userread           = 00007FF8C4CA5C70
[LOG] SystemI::createSoundInternal             : exinfo->userseek           = 00007FF8C4CA5D30
[LOG] SystemI::createSoundInternal             : exinfo->fileuserdata       = 000001D6EB9529F8
[LOG] SystemI::createSoundInternal             : exinfo->initialseekpostype = 1
[LOG] SystemI::DSPCodecPoolRegister            : register codec pool for pool type 5
[LOG] SystemI::createSoundInternal             : Sample 0/1: name='sand-walk-5', format=5, channels=2, frequency=48000, lengthbytes=5472, lengthpcm=21750, pcmblocksize=0, loopstart=0, loopend=0, mode=0x00000000, channelmask=0x00000000, channelorder=0, peakvolume=0.089294.
[LOG] SystemI::createSoundInternal             : Create name='', mode=0x02000202
[LOG] SystemI::createSoundInternal             : exinfo->cbsize             = 224
[LOG] SystemI::createSoundInternal             : exinfo->length             = 458048
[LOG] SystemI::createSoundInternal             : exinfo->fileoffset         = 31872
[LOG] SystemI::createSoundInternal             : exinfo->numsubsounds       = 1
[LOG] SystemI::createSoundInternal             : exinfo->inclusionlist      = 0000009E6AEFED58
[LOG] SystemI::createSoundInternal             : exinfo->inclusionlistnum   = 1
[LOG] SystemI::createSoundInternal             : exinfo->suggestedsoundtype = 5
[LOG] SystemI::createSoundInternal             : exinfo->useropen           = 00007FF8C4CA5B90
[LOG] SystemI::createSoundInternal             : exinfo->userclose          = 00007FF8C4CA5B50
[LOG] SystemI::createSoundInternal             : exinfo->userread           = 00007FF8C4CA5C70
[LOG] SystemI::createSoundInternal             : exinfo->userseek           = 00007FF8C4CA5D30
[LOG] SystemI::createSoundInternal             : exinfo->fileuserdata       = 000001D6EB9529F8
[LOG] SystemI::createSoundInternal             : exinfo->initialseekpostype = 1
[LOG] SystemI::DSPCodecPoolRegister            : register codec pool for pool type 5
[LOG] SystemI::createSoundInternal             : Sample 0/1: name='sand-walk-7', format=5, channels=2, frequency=48000, lengthbytes=5696, lengthpcm=22854, pcmblocksize=0, loopstart=0, loopend=0, mode=0x00000000, channelmask=0x00000000, channelorder=0, peakvolume=0.088562.
[LOG] SystemI::createSoundInternal             : Create name='', mode=0x02000202
[LOG] SystemI::createSoundInternal             : exinfo->cbsize             = 224
[LOG] SystemI::createSoundInternal             : exinfo->length             = 458048
[LOG] SystemI::createSoundInternal             : exinfo->fileoffset         = 31872
[LOG] SystemI::createSoundInternal             : exinfo->numsubsounds       = 1
[LOG] SystemI::createSoundInternal             : exinfo->inclusionlist      = 0000009E6AEFED58
[LOG] SystemI::createSoundInternal             : exinfo->inclusionlistnum   = 1
[LOG] SystemI::createSoundInternal             : exinfo->suggestedsoundtype = 5
[LOG] SystemI::createSoundInternal             : exinfo->useropen           = 00007FF8C4CA5B90
[LOG] SystemI::createSoundInternal             : exinfo->userclose          = 00007FF8C4CA5B50
[LOG] SystemI::createSoundInternal             : exinfo->userread           = 00007FF8C4CA5C70
[LOG] SystemI::createSoundInternal             : exinfo->userseek           = 00007FF8C4CA5D30
[LOG] SystemI::createSoundInternal             : exinfo->fileuserdata       = 000001D6EB9529F8
[LOG] SystemI::createSoundInternal             : exinfo->initialseekpostype = 1
[LOG] SystemI::DSPCodecPoolRegister            : register codec pool for pool type 5
[LOG] SystemI::createSoundInternal             : Sample 0/1: name='footsteps-mud1', format=5, channels=2, frequency=48000, lengthbytes=5344, lengthpcm=19500, pcmblocksize=0, loopstart=0, loopend=0, mode=0x00000000, channelmask=0x00000000, channelorder=0, peakvolume=0.168732.
[LOG] SystemI::createSoundInternal             : Create name='', mode=0x02000202
[LOG] SystemI::createSoundInternal             : exinfo->cbsize             = 224
[LOG] SystemI::createSoundInternal             : exinfo->length             = 458048
[LOG] SystemI::createSoundInternal             : exinfo->fileoffset         = 31872
[LOG] SystemI::createSoundInternal             : exinfo->numsubsounds       = 1
[LOG] SystemI::createSoundInternal             : exinfo->inclusionlist      = 0000009E6AEFED58
[LOG] SystemI::createSoundInternal             : exinfo->inclusionlistnum   = 1
[LOG] SystemI::createSoundInternal             : exinfo->suggestedsoundtype = 5
[LOG] SystemI::createSoundInternal             : exinfo->useropen           = 00007FF8C4CA5B90
[LOG] SystemI::createSoundInternal             : exinfo->userclose          = 00007FF8C4CA5B50
[LOG] SystemI::createSoundInternal             : exinfo->userread           = 00007FF8C4CA5C70
[LOG] SystemI::createSoundInternal             : exinfo->userseek           = 00007FF8C4CA5D30
[LOG] SystemI::createSoundInternal             : exinfo->fileuserdata       = 000001D5E9DF7108
[LOG] SystemI::createSoundInternal             : exinfo->initialseekpostype = 1
[LOG] SystemI::DSPCodecPoolRegister            : register codec pool for pool type 5
[LOG] SystemI::createSoundInternal             : Sample 0/1: name='cat-meow-sound-383823', format=5, channels=2, frequency=48000, lengthbytes=18208, lengthpcm=77687, pcmblocksize=0, loopstart=0, loopend=0, mode=0x00000000, channelmask=0x00000000, channelorder=0, peakvolume=0.684052.
[LOG] SoundI::release                          :  (000001D6C54B6848)
[LOG] SoundI::release                          :     Button_Hover (000001D69CF1F3B8)
[LOG] SoundI::release                          :  (000001D6371EDC88)
[LOG] SoundI::release                          :     Button_Click (000001D6AE06BA18)
[LOG] SoundI::release                          :  (000001D6C4FD9078)
[LOG] SoundI::release                          :     cat-meow-sound-383823 (000001D69CF5B738)
[LOG] SoundI::release                          :  (000001D6C4FD91E8)
[LOG] SoundI::release                          :     growling-beast-103211 (000001D5243582A8)
[LOG] SoundI::release                          :  (000001D6C54B45C8)
[LOG] SoundI::release                          :     footsteps-mud-3 (000001D69CF26BF8)
[LOG] SoundI::release                          :  (000001D6C54B5E38)
[LOG] SoundI::release                          :     footsteps-mud-7 (000001D69CF26718)
[LOG] SoundI::release                          :  (000001D6C54B6288)
[LOG] SoundI::release                          :     footsteps-mud1 (000001D69D9846F8)
[LOG] SoundI::release                          :  (000001D6C54B6118)
[LOG] SoundI::release                          :     DirtFoostep5 (000001D69D987C98)
[LOG] SoundI::release                          :  (000001D6C54B4CF8)
[LOG] SoundI::release                          :     DirtFootStep1 (000001D69CF1F898)
[LOG] SoundI::release                          :  (000001D6C54B4458)
[LOG] SoundI::release                          :     DirtFootstep2 (000001D69CF25BB8)
[LOG] SoundI::release                          :  (000001D6C54B5CC8)
[LOG] SoundI::release                          :     DirtFootstep3 (000001D69CF263D8)
[LOG] SoundI::release                          :  (000001D6C54B5FA8)
[LOG] SoundI::release                          :     DirtFootstep4 (000001D69CF25878)
[LOG] SoundI::release                          :  (000001D6C54B7258)
[LOG] SoundI::release                          :     sand-walk-4 (000001D69CF25D58)
[LOG] SoundI::release                          :  (000001D6C54B70E8)
[LOG] SoundI::release                          :     sand-walk-5 (000001D69D9884B8)
[LOG] SoundI::release                          :  (000001D6C54B69B8)
[LOG] SoundI::release                          :     sand-walk-7 (000001D69D984218)
[LOG] SoundI::release                          :  (000001D6C4FD6B18)
[LOG] SoundI::release                          :     ViscousAttack2 (000001D69CF5B8D8)
[LOG] SoundI::release                          :  (000001D6C4FD7978)
[LOG] SoundI::release                          :     slash-21834 (000001D69CF5B0B8)
[LOG] Thread::callback                         : FMOD Studio update thread finished.
[LOG] Thread::callback                         : FMOD Studio bank load thread finished.
[LOG] Profile::disconnectAll                   : Profiler disconnecting all clients
[LOG] Thread::callback                         : FMOD Studio sample load thread finished.
[LOG] LiveUpdate::release                      : 
[LOG] LiveUpdate::reset                        : Reset connection (reason Disconnected)
[LOG] Thread::callback                         : FMOD stream thread finished.
[LOG] Thread::callback                         : FMOD mixer thread finished.
[LOG] Profile::disconnectAll                   : Profiler disconnecting all clients
[LOG] SystemI::close                           : Closed.
